This is pdfTeX, Version 3.14159265-2.6-1.40.16 (TeX Live 2015) (preloaded format=pdflatex 2015.5.24)  8 DEC 2015 14:19
entering extended mode
 restricted \write18 enabled.
 file:line:error style messages enabled.
 %&-line parsing enabled.
**finalReport.tex
(./finalReport.tex
LaTeX2e <2015/01/01>
Babel <3.9l> and hyphenation patterns for 79 languages loaded.
(/usr/local/texlive/2015/texmf-dist/tex/latex/base/article.cls
Document Class: article 2014/09/29 v1.4h Standard LaTeX document class
(/usr/local/texlive/2015/texmf-dist/tex/latex/base/size10.clo
File: size10.clo 2014/09/29 v1.4h Standard LaTeX file (size option)
)
\c@part=\count79
\c@section=\count80
\c@subsection=\count81
\c@subsubsection=\count82
\c@paragraph=\count83
\c@subparagraph=\count84
\c@figure=\count85
\c@table=\count86
\abovecaptionskip=\skip41
\belowcaptionskip=\skip42
\bibindent=\dimen102
)
(/usr/local/texlive/2015/texmf-dist/tex/latex/preprint/authblk.sty
Package: authblk 2001/02/27 1.3 (PWD)
\affilsep=\skip43
\@affilsep=\skip44
\c@Maxaffil=\count87
\c@authors=\count88
\c@affil=\count89
)
(/usr/local/texlive/2015/texmf-dist/tex/latex/multirow/multirow.sty
\bigstrutjot=\dimen103
)
(/usr/local/texlive/2015/texmf-dist/tex/latex/geometry/geometry.sty
Package: geometry 2010/09/12 v5.6 Page Geometry

(/usr/local/texlive/2015/texmf-dist/tex/latex/graphics/keyval.sty
Package: keyval 2014/10/28 v1.15 key=value parser (DPC)
\KV@toks@=\toks14
)
(/usr/local/texlive/2015/texmf-dist/tex/generic/oberdiek/ifpdf.sty
Package: ifpdf 2011/01/30 v2.3 Provides the ifpdf switch (HO)
Package ifpdf Info: pdfTeX in PDF mode is detected.
)
(/usr/local/texlive/2015/texmf-dist/tex/generic/oberdiek/ifvtex.sty
Package: ifvtex 2010/03/01 v1.5 Detect VTeX and its facilities (HO)
Package ifvtex Info: VTeX not detected.
)
(/usr/local/texlive/2015/texmf-dist/tex/generic/ifxetex/ifxetex.sty
Package: ifxetex 2010/09/12 v0.6 Provides ifxetex conditional
)
\Gm@cnth=\count90
\Gm@cntv=\count91
\c@Gm@tempcnt=\count92
\Gm@bindingoffset=\dimen104
\Gm@wd@mp=\dimen105
\Gm@odd@mp=\dimen106
\Gm@even@mp=\dimen107
\Gm@layoutwidth=\dimen108
\Gm@layoutheight=\dimen109
\Gm@layouthoffset=\dimen110
\Gm@layoutvoffset=\dimen111
\Gm@dimlist=\toks15
)
(/usr/local/texlive/2015/texmf-dist/tex/latex/base/doc.sty
Package: doc 2014/09/29 v2.1e Standard LaTeX documentation package (FMi)
\c@StandardModuleDepth=\count93
\guard@level=\count94
\MacrocodeTopsep=\skip45
\MacroIndent=\dimen112
\macro@cnt=\count95
\MacroTopsep=\skip46
\index@excludelist=\toks16

(/usr/local/texlive/2015/texmf-dist/tex/latex/tools/multicol.sty
Package: multicol 2015/03/31 v1.8m multicolumn formatting (FMi)
\c@tracingmulticols=\count96
\mult@box=\box26
\multicol@leftmargin=\dimen113
\c@unbalance=\count97
\c@collectmore=\count98
\doublecol@number=\count99
\multicoltolerance=\count100
\multicolpretolerance=\count101
\full@width=\dimen114
\page@free=\dimen115
\premulticols=\dimen116
\postmulticols=\dimen117
\multicolsep=\skip47
\multicolbaselineskip=\skip48
\partial@page=\box27
\last@line=\box28
\maxbalancingoverflow=\dimen118
\mult@rightbox=\box29
\mult@grightbox=\box30
\mult@gfirstbox=\box31
\mult@firstbox=\box32
\@tempa=\box33
\@tempa=\box34
\@tempa=\box35
\@tempa=\box36
\@tempa=\box37
\@tempa=\box38
\@tempa=\box39
\@tempa=\box40
\@tempa=\box41
\@tempa=\box42
\@tempa=\box43
\@tempa=\box44
\@tempa=\box45
\@tempa=\box46
\@tempa=\box47
\@tempa=\box48
\@tempa=\box49
\c@columnbadness=\count102
\c@finalcolumnbadness=\count103
\last@try=\dimen119
\multicolovershoot=\dimen120
\multicolundershoot=\dimen121
\mult@nat@firstbox=\box50
\colbreak@box=\box51
\mc@col@check@num=\count104
)
\IndexMin=\dimen122
\c@IndexColumns=\count105
\GlossaryMin=\dimen123
\c@GlossaryColumns=\count106
\check@sum=\count107
\bslash@cnt=\count108
\wrong@table=\toks17
\c@CodelineNo=\count109
)
(/usr/local/texlive/2015/texmf-dist/tex/latex/url/url.sty
\Urlmuskip=\muskip10
Package: url 2013/09/16  ver 3.4  Verb mode for urls, etc.
)
(/usr/local/texlive/2015/texmf-dist/tex/latex/listings/listings.sty
\lst@mode=\count110
\lst@gtempboxa=\box52
\lst@token=\toks18
\lst@length=\count111
\lst@currlwidth=\dimen124
\lst@column=\count112
\lst@pos=\count113
\lst@lostspace=\dimen125
\lst@width=\dimen126
\lst@newlines=\count114
\lst@lineno=\count115
\lst@maxwidth=\dimen127

(/usr/local/texlive/2015/texmf-dist/tex/latex/listings/lstmisc.sty
File: lstmisc.sty 2014/09/06 1.5e (Carsten Heinz)
\c@lstnumber=\count116
\lst@skipnumbers=\count117
\lst@framebox=\box53
)
(/usr/local/texlive/2015/texmf-dist/tex/latex/listings/listings.cfg
File: listings.cfg 2014/09/06 1.5e listings configuration
))
Package: listings 2014/09/06 1.5e (Carsten Heinz)

(/usr/local/texlive/2015/texmf-dist/tex/latex/graphics/color.sty
Package: color 2014/10/28 v1.1a Standard LaTeX Color (DPC)

(/usr/local/texlive/2015/texmf-dist/tex/latex/latexconfig/color.cfg
File: color.cfg 2007/01/18 v1.5 color configuration of teTeX/TeXLive
)
Package color Info: Driver file: pdftex.def on input line 142.

(/usr/local/texlive/2015/texmf-dist/tex/latex/pdftex-def/pdftex.def
File: pdftex.def 2011/05/27 v0.06d Graphics/color for pdfTeX

(/usr/local/texlive/2015/texmf-dist/tex/generic/oberdiek/infwarerr.sty
Package: infwarerr 2010/04/08 v1.3 Providing info/warning/error messages (HO)
)
(/usr/local/texlive/2015/texmf-dist/tex/generic/oberdiek/ltxcmds.sty
Package: ltxcmds 2011/11/09 v1.22 LaTeX kernel commands for general use (HO)
)
\Gread@gobject=\count118
))
(/usr/local/texlive/2015/texmf-dist/tex/latex/graphics/graphicx.sty
Package: graphicx 2014/10/28 v1.0g Enhanced LaTeX Graphics (DPC,SPQR)

(/usr/local/texlive/2015/texmf-dist/tex/latex/graphics/graphics.sty
Package: graphics 2014/10/28 v1.0p Standard LaTeX Graphics (DPC,SPQR)

(/usr/local/texlive/2015/texmf-dist/tex/latex/graphics/trig.sty
Package: trig 1999/03/16 v1.09 sin cos tan (DPC)
)
(/usr/local/texlive/2015/texmf-dist/tex/latex/latexconfig/graphics.cfg
File: graphics.cfg 2010/04/23 v1.9 graphics configuration of TeX Live
)
Package graphics Info: Driver file: pdftex.def on input line 94.
)
\Gin@req@height=\dimen128
\Gin@req@width=\dimen129
)
(/usr/local/texlive/2015/texmf-dist/tex/latex/oberdiek/epstopdf.sty
Package: epstopdf 2010/02/09 v2.5 Conversion with epstopdf on the fly (HO)

(/usr/local/texlive/2015/texmf-dist/tex/latex/oberdiek/epstopdf-base.sty
Package: epstopdf-base 2010/02/09 v2.5 Base part for package epstopdf

(/usr/local/texlive/2015/texmf-dist/tex/latex/oberdiek/grfext.sty
Package: grfext 2010/08/19 v1.1 Manage graphics extensions (HO)

(/usr/local/texlive/2015/texmf-dist/tex/generic/oberdiek/kvdefinekeys.sty
Package: kvdefinekeys 2011/04/07 v1.3 Define keys (HO)
))
(/usr/local/texlive/2015/texmf-dist/tex/latex/oberdiek/kvoptions.sty
Package: kvoptions 2011/06/30 v3.11 Key value format for package options (HO)

(/usr/local/texlive/2015/texmf-dist/tex/generic/oberdiek/kvsetkeys.sty
Package: kvsetkeys 2012/04/25 v1.16 Key value parser (HO)

(/usr/local/texlive/2015/texmf-dist/tex/generic/oberdiek/etexcmds.sty
Package: etexcmds 2011/02/16 v1.5 Avoid name clashes with e-TeX commands (HO)

(/usr/local/texlive/2015/texmf-dist/tex/generic/oberdiek/ifluatex.sty
Package: ifluatex 2010/03/01 v1.3 Provides the ifluatex switch (HO)
Package ifluatex Info: LuaTeX not detected.
)
Package etexcmds Info: Could not find \expanded.
(etexcmds)             That can mean that you are not using pdfTeX 1.50 or
(etexcmds)             that some package has redefined \expanded.
(etexcmds)             In the latter case, load this package earlier.
)))
(/usr/local/texlive/2015/texmf-dist/tex/generic/oberdiek/pdftexcmds.sty
Package: pdftexcmds 2011/11/29 v0.20 Utility functions of pdfTeX for LuaTeX (HO
)
Package pdftexcmds Info: LuaTeX not detected.
Package pdftexcmds Info: \pdf@primitive is available.
Package pdftexcmds Info: \pdf@ifprimitive is available.
Package pdftexcmds Info: \pdfdraftmode found.
)
Package grfext Info: Graphics extension search list:
(grfext)             [.png,.pdf,.jpg,.mps,.jpeg,.jbig2,.jb2,.PNG,.PDF,.JPG,.JPE
G,.JBIG2,.JB2,.eps]
(grfext)             \AppendGraphicsExtensions on input line 452.

(/usr/local/texlive/2015/texmf-dist/tex/latex/latexconfig/epstopdf-sys.cfg
File: epstopdf-sys.cfg 2010/07/13 v1.3 Configuration of (r)epstopdf for TeX Liv
e
)))
(/usr/local/texlive/2015/texmf-dist/tex/latex/listings/lstlang1.sty
File: lstlang1.sty 2014/09/06 1.5e listings language file
)
No file finalReport.aux.
\openout1 = `finalReport.aux'.

LaTeX Font Info:    Checking defaults for OML/cmm/m/it on input line 58.
LaTeX Font Info:    ... okay on input line 58.
LaTeX Font Info:    Checking defaults for T1/cmr/m/n on input line 58.
LaTeX Font Info:    ... okay on input line 58.
LaTeX Font Info:    Checking defaults for OT1/cmr/m/n on input line 58.
LaTeX Font Info:    ... okay on input line 58.
LaTeX Font Info:    Checking defaults for OMS/cmsy/m/n on input line 58.
LaTeX Font Info:    ... okay on input line 58.
LaTeX Font Info:    Checking defaults for OMX/cmex/m/n on input line 58.
LaTeX Font Info:    ... okay on input line 58.
LaTeX Font Info:    Checking defaults for U/cmr/m/n on input line 58.
LaTeX Font Info:    ... okay on input line 58.
*geometry* driver: auto-detecting
*geometry* detected driver: pdftex
*geometry* verbose mode - [ preamble ] result:
* driver: pdftex
* paper: letterpaper
* layout: <same size as paper>
* layoutoffset:(h,v)=(0.0pt,0.0pt)
* modes: 
* h-part:(L,W,R)=(92.14519pt, 430.00462pt, 92.14519pt)
* v-part:(T,H,B)=(95.39737pt, 556.47656pt, 143.09605pt)
* \paperwidth=614.295pt
* \paperheight=794.96999pt
* \textwidth=430.00462pt
* \textheight=556.47656pt
* \oddsidemargin=19.8752pt
* \evensidemargin=19.8752pt
* \topmargin=-13.87262pt
* \headheight=12.0pt
* \headsep=25.0pt
* \topskip=10.0pt
* \footskip=30.0pt
* \marginparwidth=96.0pt
* \marginparsep=11.0pt
* \columnsep=10.0pt
* \skip\footins=9.0pt plus 4.0pt minus 2.0pt
* \hoffset=0.0pt
* \voffset=0.0pt
* \mag=1000
* \@twocolumnfalse
* \@twosidefalse
* \@mparswitchfalse
* \@reversemargintrue
* (1in=72.27pt=25.4mm, 1cm=28.453pt)

\c@lstlisting=\count119
(/usr/local/texlive/2015/texmf-dist/tex/context/base/supp-pdf.mkii
[Loading MPS to PDF converter (version 2006.09.02).]
\scratchcounter=\count120
\scratchdimen=\dimen130
\scratchbox=\box54
\nofMPsegments=\count121
\nofMParguments=\count122
\everyMPshowfont=\toks19
\MPscratchCnt=\count123
\MPscratchDim=\dimen131
\MPnumerator=\count124
\makeMPintoPDFobject=\count125
\everyMPtoPDFconversion=\toks20
)
LaTeX Font Info:    External font `cmex10' loaded for size
(Font)              <12> on input line 61.
LaTeX Font Info:    External font `cmex10' loaded for size
(Font)              <8> on input line 61.
LaTeX Font Info:    External font `cmex10' loaded for size
(Font)              <6> on input line 61.
 [1

{/usr/local/texlive/2015/texmf-var/fonts/map/pdftex/updmap/pdftex.map}]

LaTeX Warning: Reference `fig:architecture' on page 2 undefined on input line 6
8.

Missing character: There is no ¡ in font cmr10!
Missing character: There is no ° in font cmr10!
Missing character: There is no ¡ in font cmr10!
Missing character: There is no ± in font cmr10!

LaTeX Warning: Reference `ref:wadkar' on page 2 undefined on input line 72.

<architecture.png, id=10, 655.44875pt x 404.51125pt>
File: architecture.png Graphic file (type png)
 <use architecture.png>
Package pdftex.def Info: architecture.png used on input line 85.
(pdftex.def)             Requested size: 301.00192pt x 185.76263pt.

[2] [3 <./architecture.png>]

LaTeX Warning: Reference `fig:deploymentResult' on page 4 undefined on input li
ne 102.

<deployment.png, id=21, 1212.53pt x 609.27625pt>
File: deployment.png Graphic file (type png)
 <use deployment.png>
Package pdftex.def Info: deployment.png used on input line 110.
(pdftex.def)             Requested size: 301.00192pt x 151.24954pt.
 [4 <./deployment.png>]
Missing character: There is no ¡ in font cmr10!
Missing character: There is no ¯ in font cmr10!
Missing character: There is no ¡ in font cmr10!
Missing character: There is no ¯ in font cmr10!
Missing character: There is no ¡ in font cmr10!
Missing character: There is no ¯ in font cmr10!
Missing character: There is no ¡ in font cmr10!
Missing character: There is no ¯ in font cmr10!


LaTeX Warning: Reference `fig:monitorStructure' on page 5 undefined on input li
ne 130.

<fig2.png, id=26, 486.81876pt x 346.29375pt>
File: fig2.png Graphic file (type png)
 <use fig2.png>
Package pdftex.def Info: fig2.png used on input line 134.
(pdftex.def)             Requested size: 258.00539pt x 183.52953pt.
 [5 <./fig2.png>]

LaTeX Warning: Reference `table:hdfsMetrics' on page 6 undefined on input line 
143.

LaTeX Font Info:    External font `cmex10' loaded for size
(Font)              <7> on input line 146.
LaTeX Font Info:    External font `cmex10' loaded for size
(Font)              <5> on input line 146.

LaTeX Warning: Reference `table:yarnMetrics' on page 6 undefined on input line 
185.


LaTeX Warning: Reference `fig:ambariDashboard' on page 6 undefined on input lin
e 204.

<fig4_2.png, id=31, 968.61874pt x 330.23375pt>
File: fig4_2.png Graphic file (type png)
 <use fig4_2.png>
Package pdftex.def Info: fig4_2.png used on input line 207.
(pdftex.def)             Requested size: 344.005pt x 117.28166pt.


LaTeX Warning: Reference `fig:aws' on page 6 undefined on input line 212.

<fig4_3.png, id=32, 1142.2675pt x 416.55624pt>
File: fig4_3.png Graphic file (type png)
 <use fig4_3.png>
Package pdftex.def Info: fig4_3.png used on input line 215.
(pdftex.def)             Requested size: 344.005pt x 125.4509pt.
 [6]

LaTeX Warning: Reference `fig:kibana' on page 7 undefined on input line 221.


LaTeX Warning: Reference `fig:kibanaFunc' on page 7 undefined on input line 221
.

<fig4_4.png, id=36, 1445.4pt x 536.0025pt>
File: fig4_4.png Graphic file (type png)
 <use fig4_4.png>
Package pdftex.def Info: fig4_4.png used on input line 224.
(pdftex.def)             Requested size: 387.00153pt x 143.51215pt.
 [7 <./fig4_2.png> <./fig4_3.png>] <fig4_5.png, id=43, 1178.4025pt x 563.10374p
t>
File: fig4_5.png Graphic file (type png)
 <use fig4_5.png>
Package pdftex.def Info: fig4_5.png used on input line 232.
(pdftex.def)             Requested size: 387.00153pt x 184.93121pt.

[8 <./fig4_4.png> <./fig4_5.png>]
Missing character: There is no ¡ in font cmr10!
Missing character: There is no ¯ in font cmr10!


LaTeX Warning: Reference `ref:ambariAPI' on page 9 undefined on input line 250.


<AmbariMetrics.png, id=49, 664.4825pt x 304.13625pt>
File: AmbariMetrics.png Graphic file (type png)
 <use AmbariMetrics.png>
Package pdftex.def Info: AmbariMetrics.png used on input line 255.
(pdftex.def)             Requested size: 344.005pt x 157.451pt.


LaTeX Warning: Reference `fig:AmbariMetrics' on page 9 undefined on input line 
259.


LaTeX Warning: Reference `fig:AmbariAlerts' on page 9 undefined on input line 2
59.

<AmbariAlerts.png, id=50, 722.7pt x 270.00874pt>
File: AmbariAlerts.png Graphic file (type png)
 <use AmbariAlerts.png>
Package pdftex.def Info: AmbariAlerts.png used on input line 262.
(pdftex.def)             Requested size: 344.005pt x 128.52327pt.


LaTeX Warning: Reference `fig:AmbariAlerts' on page 9 undefined on input line 2
66.

<AllocatedMemoryAlert.png, id=51, 651.43375pt x 323.2075pt>
File: AllocatedMemoryAlert.png Graphic file (type png)

<use AllocatedMemoryAlert.png>
Package pdftex.def Info: AllocatedMemoryAlert.png used on input line 271.
(pdftex.def)             Requested size: 344.005pt x 170.6827pt.


LaTeX Warning: Reference `fig:AllocatedMemoryAlert' on page 9 undefined on inpu
t line 275.

[9]

LaTeX Warning: Reference `fig:scaleProcess' on page 10 undefined on input line 
278.


LaTeX Warning: Reference `fig:scaleProcess' on page 10 undefined on input line 
278.


LaTeX Warning: Reference `fig:systemWorkflow' on page 10 undefined on input lin
e 279.

[10 <./AmbariMetrics.png> <./AmbariAlerts.png>]
<scalingProcess.png, id=58, 627.34375pt x 265.99374pt>
File: scalingProcess.png Graphic file (type png)

<use scalingProcess.png>
Package pdftex.def Info: scalingProcess.png used on input line 283.
(pdftex.def)             Requested size: 344.005pt x 145.86272pt.
 <systemWorkFlow.png, id=59, 626.34pt x 377.41pt>
File: systemWorkFlow.png Graphic file (type png)

<use systemWorkFlow.png>
Package pdftex.def Info: systemWorkFlow.png used on input line 290.
(pdftex.def)             Requested size: 344.005pt x 207.2882pt.
 <addNewCluster.png, id=60, 460.72125pt x 293.095pt>
File: addNewCluster.png Graphic file (type png)

<use addNewCluster.png>
Package pdftex.def Info: addNewCluster.png used on input line 300.
(pdftex.def)             Requested size: 215.0023pt x 136.77524pt.
 [11 <./AllocatedMemoryAlert.png>]

LaTeX Warning: Reference `fig:addNewCluster' on page 12 undefined on input line
 305.


Underfull \hbox (badness 10000) in paragraph at lines 305--306

 []

[12 <./scalingProcess.png> <./systemWorkFlow.png>]
LaTeX Font Info:    Try loading font information for OMS+cmr on input line 311.


(/usr/local/texlive/2015/texmf-dist/tex/latex/base/omscmr.fd
File: omscmr.fd 2014/09/29 v2.5h Standard LaTeX font definitions
)
LaTeX Font Info:    Font shape `OMS/cmr/m/n' in size <10> not available
(Font)              Font shape `OMS/cmsy/m/n' tried instead on input line 311.

Underfull \hbox (badness 10000) in paragraph at lines 311--312

 []

<addNewInstance.png, id=67, 491.8375pt x 321.2pt>
File: addNewInstance.png Graphic file (type png)
 <use addNewInstance.png>
Package pdftex.def Info: addNewInstance.png used on input line 317.
(pdftex.def)             Requested size: 215.0023pt x 140.41193pt.


LaTeX Warning: Reference `fig:addNewInstance' on page 13 undefined on input lin
e 321.


Underfull \hbox (badness 10000) in paragraph at lines 321--325

 []


LaTeX Warning: Reference `fig:addNewPolicy' on page 13 undefined on input line 
329.


Underfull \hbox (badness 10000) in paragraph at lines 331--334

 []

[13 <./addNewCluster.png> <./addNewInstance.png>]
<addNewPolicy.png, id=73, 365.365pt x 315.1775pt>
File: addNewPolicy.png Graphic file (type png)
 <use addNewPolicy.png>
Package pdftex.def Info: addNewPolicy.png used on input line 343.
(pdftex.def)             Requested size: 171.99922pt x 148.3739pt.

[14 <./addNewPolicy.png>]

LaTeX Warning: Reference `fig:autoscalingout' on page 15 undefined on input lin
e 361.

<caseScaleOut.png, id=77, 450.68375pt x 274.02374pt>
File: caseScaleOut.png Graphic file (type png)
 <use caseScaleOut.png>
Package pdftex.def Info: caseScaleOut.png used on input line 364.
(pdftex.def)             Requested size: 344.005pt x 209.17172pt.


LaTeX Warning: Reference `fig:autoscalingdown' on page 15 undefined on input li
ne 369.

<caseScaleDown.png, id=78, 463.7325pt x 239.89626pt>
File: caseScaleDown.png Graphic file (type png)
 <use caseScaleDown.png>
Package pdftex.def Info: caseScaleDown.png used on input line 372.
(pdftex.def)             Requested size: 344.005pt x 177.96336pt.

[15 <./caseScaleOut.png>] [16 <./caseScaleDown.png>]
Underfull \hbox (badness 10000) in paragraph at lines 396--397
[]\OT1/cmr/m/n/10 http://docs.aws.amazon.com/AWSEC2/latest/CommandLineReference
/ec2-cli-launch-
 []

[17] [18] (./finalReport.aux)

LaTeX Warning: There were undefined references.


LaTeX Warning: Label(s) may have changed. Rerun to get cross-references right.

 ) 
Here is how much of TeX's memory you used:
 4081 strings out of 493089
 59211 string characters out of 6134842
 175756 words of memory out of 5000000
 7505 multiletter control sequences out of 15000+600000
 8708 words of font info for 31 fonts, out of 8000000 for 9000
 1141 hyphenation exceptions out of 8191
 42i,9n,40p,1320b,1778s stack positions out of 5000i,500n,10000p,200000b,80000s
</usr/local/texlive/2015/texmf-dist/fonts/type1/public/amsfonts/cm/cmbx10.pfb
></usr/local/texlive/2015/texmf-dist/fonts/type1/public/amsfonts/cm/cmbx12.pfb>
</usr/local/texlive/2015/texmf-dist/fonts/type1/public/amsfonts/cm/cmr10.pfb></
usr/local/texlive/2015/texmf-dist/fonts/type1/public/amsfonts/cm/cmr12.pfb></us
r/local/texlive/2015/texmf-dist/fonts/type1/public/amsfonts/cm/cmr17.pfb></usr/
local/texlive/2015/texmf-dist/fonts/type1/public/amsfonts/cm/cmsy10.pfb></usr/l
ocal/texlive/2015/texmf-dist/fonts/type1/public/amsfonts/cm/cmti12.pfb></usr/lo
cal/texlive/2015/texmf-dist/fonts/type1/public/amsfonts/cm/cmtt9.pfb>
Output written on finalReport.pdf (18 pages, 1022220 bytes).
PDF statistics:
 119 PDF objects out of 1000 (max. 8388607)
 66 compressed objects within 1 object stream
 0 named destinations out of 1000 (max. 500000)
 86 words of extra memory for PDF output out of 10000 (max. 10000000)

